<?xml version="1.0" encoding="UTF-8"?>
<!-- Generated by org.testng.reporters.JUnitXMLReporter -->
<testsuite ignored="0" hostname="DESKTOP-Q9CLIP0" failures="0" tests="3" name="Default test" time="19.404" errors="0" timestamp="2023-01-04T21:53:29 IST">
  <testcase classname="com.valuelabs.testcases.TC_ValidateKuwaitHomePage" name="ValidatePlanPriceCurrencyForKuwait" time="2.239"/>
  <testcase classname="com.valuelabs.testcases.TC_ValidateKuwaitHomePage" name="ValidatePlanPriceCurrencyForBahrain" time="2.1"/>
  <testcase classname="com.valuelabs.testcases.TC_ValidateKuwaitHomePage" name="ValidatePlanPriceCurrencyForKSA" time="2.168"/>
</testsuite> <!-- Default test -->
